<?xml version="1.0" encoding="UTF-8"?>
<!-- Generated by org.testng.reporters.JUnitXMLReporter -->
<testsuite hostname="XIN009OLAB14917" name="FF Test" tests="4" failures="0" timestamp="30 Aug 2017 18:12:01 GMT" time="157.397" errors="0">
  <testcase name="WebPage_Scenario" time="23.36" classname="com.ctli.it.testcases.Ghost_WebScenario3"/>
  <testcase name="WebPage_Scenario" time="28.277" classname="com.ctli.it.testcases.Ghost_WebScenario1"/>
  <testcase name="WebPage_Scenario" time="33.288" classname="com.ctli.it.testcases.Ghost_WebScenario2"/>
  <testcase name="WebPage_Scenario" time="23.169" classname="com.ctli.it.testcases.Ghost_WebScenario4"/>
</testsuite> <!-- FF Test -->
